2025-03-26 11:19:57.080 - DBeaver 23.0.1.202303250535 is starting
2025-03-26 11:19:57.080 - OS: Windows 11 10.0 (amd64)
2025-03-26 11:19:57.080 - Java version: 11.0.18 by Eclipse Adoptium (64bit)
2025-03-26 11:19:57.080 - Install path: 'C:\gb_0900_jdy\dbms\resource\dbeaver'
2025-03-26 11:19:57.080 - Instance path: 'file:/C:/gb_0900_jdy/dbms/workspace/'
2025-03-26 11:19:57.081 - Memory available 64Mb/1024Mb
2025-03-26 11:19:57.092 - Create display
2025-03-26 11:19:57.185 - Initializing DBeaver 23.0.1
2025-03-26 11:19:57.186 - Host plugin: org.jkiss.dbeaver.ui.app.standalone 23.0.1.202303250535
2025-03-26 11:19:57.186 - Initialize desktop platform...
2025-03-26 11:19:57.358 - BounceCastle bundle found. Use JCE provider BC
> Start Core File Systems [org.eclipse.core.filesystem 1.9.500.v20220817-1539]
> Start Core Resource Management [org.eclipse.core.resources 3.18.100.v20221025-2047]
> Start DBeaver UI Navigator [org.jkiss.dbeaver.ui.navigator 1.0.102.202303250535]
> Start 팀 지원 핵심 [org.eclipse.team.core 3.9.600.v20220902-2219]
2025-03-26 11:19:57.718 - Initialize base platform...
> Start Expression Language [org.eclipse.core.expressions 3.8.200.v20220613-1047]
2025-03-26 11:19:57.764 - Platform initialized (578ms)
> Start DBeaver UI Editors - Base [org.jkiss.dbeaver.ui.editors.base 1.0.102.202303250535]
2025-03-26 11:19:57.772 - Starting RMI server at 38383
2025-03-26 11:19:57.991 - Run workbench
> Start DBeaver UI [org.jkiss.dbeaver.ui 5.1.117.202303250535]
> Start Eclipse e4 작업영역 SWT [org.eclipse.e4.ui.workbench.swt 0.16.700.v20221024-2137]
> Start Eclipse Application Services [org.eclipse.e4.core.services 2.3.400.v20220915-1347]
> Start Eclipse UI Application Services [org.eclipse.e4.ui.services 1.5.100.v20221024-2137]
> Start Eclipse e4 Progress View [org.eclipse.e4.ui.progress 0.3.600.v20221024-2137]
> Start EMF XML/XMI Persistence [org.eclipse.emf.ecore.xmi 2.17.0.v20220817-1334]
> Start Eclipse CSS SWT Theme Support [org.eclipse.e4.ui.css.swt.theme 0.13.200.v20221024-2137]
> Start Eclipse e4 작업영역 기능 추가 [org.eclipse.e4.ui.workbench.addons.swt 1.4.500.v20221028-0801]
> Start Eclipse e4 작업영역 SWT 렌더러 [org.eclipse.e4.ui.workbench.renderers.swt 0.15.700.v20221024-2137]
> Start Eclipse Bindings Support [org.eclipse.e4.ui.bindings 0.13.200.v20221024-2137]
> Start Eclipse Dependency Injection Extensions [org.eclipse.e4.core.di.extensions 0.17.200.v20220613-1008]
> Start Eclipse CSS SWT Support [org.eclipse.e4.ui.css.swt 0.14.700.v20221102-0748]
> Start Java Native Access [com.sun.jna 5.12.1.v20221103-2317]
Warning: NLS unused message: BlockedJobsDialog_UserInterfaceTreeElement in: org.eclipse.ui.internal.progress.messages
2025-03-26 11:20:07.941 - Configure workbench window
> Start 도움말 시스템 코어 [org.eclipse.help 3.9.100.v20210721-0601]
2025-03-26 11:20:08.107 - Create actions
2025-03-26 11:20:08.110 - Disable Eclipse action set 'org.eclipse.ui.edit.text.actionSet.annotationNavigation'
2025-03-26 11:20:08.110 - Disable Eclipse action set 'org.eclipse.ui.WorkingSetActionSet'
2025-03-26 11:20:08.112 - Disable Eclipse action set 'org.eclipse.ui.actionSet.openFiles'
2025-03-26 11:20:08.461 - Initialize workbench window
2025-03-26 11:20:08.469 - Finish initialization
> Start 기본 문서 편집기 [org.eclipse.ui.editors 3.14.400.v20220730-1844]
> Start 텍스트 편집기 프레임워크 [org.eclipse.ui.workbench.texteditor 3.16.600.v20220809-1658]
> Start DBeaver UI Editors - Data [org.jkiss.dbeaver.ui.editors.data 1.0.102.202303250535]
> Start DBeaver SQL Model [org.jkiss.dbeaver.model.sql 1.0.92.202303250535]
Warning: NLS unused message: actions_navigator__objects in: org.jkiss.dbeaver.ui.editors.sql.internal.SQLEditorMessages
> Start DBeaver UI Editors - SQL [org.jkiss.dbeaver.ui.editors.sql 1.0.102.202303250535]
> Start 핵심 비교 지원 [org.eclipse.compare.core 3.7.100.v20220812-1406]
> Start Equinox Java Authentication and Authorization Service (JAAS) [org.eclipse.equinox.security 1.3.1000.v20220801-1135]
> Start 인터넷 연결 관리 사용자 인터페이스 [org.eclipse.ui.net 1.4.100.v20220812-1406]
> Start Internet Connection Management [org.eclipse.core.net 1.4.0.v20220813-1037]
> Start DBeaver Sample Database [org.jkiss.dbeaver.ext.sample.database 1.0.139.202303250535]
> Start DBeaver Tip of the day [org.jkiss.dbeaver.ext.ui.tipoftheday 1.0.108.202303250535]
2025-03-26 11:20:10.801 - Total database drivers: 102 (102)
> Start Draw2d [org.eclipse.draw2dl 3.12.100.20230323081744]
> Start GEF3 GEF (MVC) [org.eclipse.gef3 3.12.100.20230323081744]
> Start DBeaver ERD UI [org.jkiss.dbeaver.erd.ui 3.0.62.202303250535]
> Start DBeaver ERD Model [org.jkiss.dbeaver.erd.model 1.0.62.202303250535]
> Start 콘솔 [org.eclipse.ui.console 3.11.400.v20221012-0524]
Warning: NLS unused message: InputStreamMonitor_label in: org.eclipse.debug.internal.core.DebugCoreMessages
Warning: NLS unused message: OutputStreamMonitor_label in: org.eclipse.debug.internal.core.DebugCoreMessages
> Start 디버그 핵심 [org.eclipse.debug.core 3.20.0.v20220811-0741]
2025-03-26 11:20:11.315 - Connect with 'localhost' (oracle_thin-1951273e892-34e1fb3420bae859)
> Start DBeaver Oracle Support [org.jkiss.dbeaver.ext.oracle 2.1.187.202303250535]
2025-03-26 11:20:11.353 - Execution context opened (localhost; Main; 0)
2025-03-26 11:20:11.806 - Execution context opened (localhost; Metadata; 1)
2025-03-26 11:20:11.893 - Connected (oracle_thin-1951273e892-34e1fb3420bae859, Oracle JDBC driver [11.2.0.2.0])
2025-03-26 11:20:11.896 - Execution context opened (localhost; SQLEditor <view.sql>; 2)
2025-03-26 11:20:13.109 - Execution context opened (localhost; SQLEditor <pickcourse.sql>; 3)
2025-03-26 11:20:13.405 - Open [https://dbeaver.io/product/version.xml]
2025-03-26 11:57:43.716 - System suspend detected! Reinitialize all remote connections.
2025-03-26 11:57:58.076 - Connect with 'localhost' (oracle_thin-19516f03256-9a50717cb47f0c6)
2025-03-26 11:57:58.077 - Execution context opened (localhost; Main; 4)
2025-03-26 11:57:58.097 - Execution context opened (localhost; Metadata; 5)
2025-03-26 11:57:58.124 - Connected (oracle_thin-19516f03256-9a50717cb47f0c6, Oracle JDBC driver [11.2.0.2.0])
> Start ICU4J Base [com.ibm.icu.base 58.2.0.v20170418-1837]
> Start DBeaver Oracle UI [org.jkiss.dbeaver.ext.oracle.ui 1.0.89.202303250535]
2025-03-26 12:09:21.666 - Can't get column 'PLUGGED_IN': 부적합한 열 이름
> Start Data Transfer UI [org.jkiss.dbeaver.data.transfer.ui 1.0.86.202303250535]
> Start DBeaver Data Transfer [org.jkiss.dbeaver.data.transfer 2.0.86.202303250535]
> Start DBeaver Tasks - General UI [org.jkiss.dbeaver.tasks.ui 1.0.80.202303250535]
> Start DBeaver UI Editors - Connections [org.jkiss.dbeaver.ui.editors.connection 1.0.93.202303250535]
2025-03-26 12:24:40.653 - SQL Error [911] [22019]: ORA-00911: invalid character

org.jkiss.dbeaver.model.sql.DBSQLException: SQL Error [911] [22019]: ORA-00911: invalid character

	at org.jkiss.dbeaver.model.impl.jdbc.exec.JDBCStatementImpl.executeStatement(JDBCStatementImpl.java:133)
	at org.jkiss.dbeaver.ui.editors.sql.execute.SQLQueryJob.executeStatement(SQLQueryJob.java:582)
	at org.jkiss.dbeaver.ui.editors.sql.execute.SQLQueryJob.lambda$1(SQLQueryJob.java:491)
	at org.jkiss.dbeaver.model.exec.DBExecUtils.tryExecuteRecover(DBExecUtils.java:173)
	at org.jkiss.dbeaver.ui.editors.sql.execute.SQLQueryJob.executeSingleQuery(SQLQueryJob.java:498)
	at org.jkiss.dbeaver.ui.editors.sql.execute.SQLQueryJob.extractData(SQLQueryJob.java:934)
	at org.jkiss.dbeaver.ui.editors.sql.SQLEditor$QueryResultsContainer.readData(SQLEditor.java:3864)
	at org.jkiss.dbeaver.ui.controls.resultset.ResultSetJobDataRead.lambda$0(ResultSetJobDataRead.java:123)
	at org.jkiss.dbeaver.model.exec.DBExecUtils.tryExecuteRecover(DBExecUtils.java:173)
	at org.jkiss.dbeaver.ui.controls.resultset.ResultSetJobDataRead.run(ResultSetJobDataRead.java:121)
	at org.jkiss.dbeaver.ui.controls.resultset.ResultSetViewer$ResultSetDataPumpJob.run(ResultSetViewer.java:5113)
	at org.jkiss.dbeaver.model.runtime.AbstractJob.run(AbstractJob.java:105)
	at org.eclipse.core.internal.jobs.Worker.run(Worker.java:63)
Caused by: java.sql.SQLSyntaxErrorException: ORA-00911: invalid character

	at oracle.jdbc.driver.T4CTTIoer.processError(T4CTTIoer.java:440)
	at oracle.jdbc.driver.T4CTTIoer.processError(T4CTTIoer.java:396)
	at oracle.jdbc.driver.T4C8Oall.processError(T4C8Oall.java:837)
	at oracle.jdbc.driver.T4CTTIfun.receive(T4CTTIfun.java:445)
	at oracle.jdbc.driver.T4CTTIfun.doRPC(T4CTTIfun.java:191)
	at oracle.jdbc.driver.T4C8Oall.doOALL(T4C8Oall.java:523)
	at oracle.jdbc.driver.T4CStatement.doOall8(T4CStatement.java:193)
	at oracle.jdbc.driver.T4CStatement.executeForRows(T4CStatement.java:999)
	at oracle.jdbc.driver.OracleStatement.doExecuteWithTimeout(OracleStatement.java:1315)
	at oracle.jdbc.driver.OracleStatement.executeInternal(OracleStatement.java:1890)
	at oracle.jdbc.driver.OracleStatement.execute(OracleStatement.java:1855)
	at oracle.jdbc.driver.OracleStatementWrapper.execute(OracleStatementWrapper.java:304)
	at org.jkiss.dbeaver.model.impl.jdbc.exec.JDBCStatementImpl.execute(JDBCStatementImpl.java:329)
	at org.jkiss.dbeaver.model.impl.jdbc.exec.JDBCStatementImpl.lambda$0(JDBCStatementImpl.java:131)
	at org.jkiss.dbeaver.utils.SecurityManagerUtils.wrapDriverActions(SecurityManagerUtils.java:96)
	at org.jkiss.dbeaver.model.impl.jdbc.exec.JDBCStatementImpl.executeStatement(JDBCStatementImpl.java:131)
	... 12 more
2025-03-26 12:37:28.765 - org.jkiss.dbeaver.model.sql.DBSQLException: SQL Error [942] [42000]: ORA-00942: table or view does not exist

	at org.jkiss.dbeaver.model.impl.jdbc.exec.JDBCStatementImpl.executeStatement(JDBCStatementImpl.java:133)
	at org.jkiss.dbeaver.ui.editors.sql.execute.SQLQueryJob.executeStatement(SQLQueryJob.java:582)
	at org.jkiss.dbeaver.ui.editors.sql.execute.SQLQueryJob.lambda$1(SQLQueryJob.java:491)
	at org.jkiss.dbeaver.model.exec.DBExecUtils.tryExecuteRecover(DBExecUtils.java:173)
	at org.jkiss.dbeaver.ui.editors.sql.execute.SQLQueryJob.executeSingleQuery(SQLQueryJob.java:498)
	at org.jkiss.dbeaver.ui.editors.sql.execute.SQLQueryJob.run(SQLQueryJob.java:238)
	at org.jkiss.dbeaver.model.runtime.AbstractJob.run(AbstractJob.java:105)
	at org.eclipse.core.internal.jobs.Worker.run(Worker.java:63)
Caused by: java.sql.SQLSyntaxErrorException: ORA-00942: table or view does not exist

	at oracle.jdbc.driver.T4CTTIoer.processError(T4CTTIoer.java:440)
	at oracle.jdbc.driver.T4CTTIoer.processError(T4CTTIoer.java:396)
	at oracle.jdbc.driver.T4C8Oall.processError(T4C8Oall.java:837)
	at oracle.jdbc.driver.T4CTTIfun.receive(T4CTTIfun.java:445)
	at oracle.jdbc.driver.T4CTTIfun.doRPC(T4CTTIfun.java:191)
	at oracle.jdbc.driver.T4C8Oall.doOALL(T4C8Oall.java:523)
	at oracle.jdbc.driver.T4CStatement.doOall8(T4CStatement.java:193)
	at oracle.jdbc.driver.T4CStatement.executeForRows(T4CStatement.java:999)
	at oracle.jdbc.driver.OracleStatement.doExecuteWithTimeout(OracleStatement.java:1315)
	at oracle.jdbc.driver.OracleStatement.executeInternal(OracleStatement.java:1890)
	at oracle.jdbc.driver.OracleStatement.execute(OracleStatement.java:1855)
	at oracle.jdbc.driver.OracleStatementWrapper.execute(OracleStatementWrapper.java:304)
	at org.jkiss.dbeaver.model.impl.jdbc.exec.JDBCStatementImpl.execute(JDBCStatementImpl.java:329)
	at org.jkiss.dbeaver.model.impl.jdbc.exec.JDBCStatementImpl.lambda$0(JDBCStatementImpl.java:131)
	at org.jkiss.dbeaver.utils.SecurityManagerUtils.wrapDriverActions(SecurityManagerUtils.java:96)
	at org.jkiss.dbeaver.model.impl.jdbc.exec.JDBCStatementImpl.executeStatement(JDBCStatementImpl.java:131)
	... 7 more
2025-03-26 12:37:28.832 - Error binding callable statement parameters from metadata: 지원되지 않는 기능입니다
2025-03-26 12:37:28.832 - Error obtaining output parameters from metadata: 지원되지 않는 기능입니다
2025-03-26 12:37:28.832 - Can't obtain procedure metadata nor jdbc metadata
2025-03-26 13:06:26.353 - System suspend detected! Reinitialize all remote connections.
2025-03-26 13:28:44.363 - System suspend detected! Reinitialize all remote connections.
2025-03-26 14:02:12.912 - System suspend detected! Reinitialize all remote connections.
2025-03-26 14:27:38.274 - System suspend detected! Reinitialize all remote connections.
2025-03-26 15:28:16.303 - Execution context closed (localhost, 2)
2025-03-26 15:28:16.363 - Execution context closed (localhost, 3)
2025-03-26 15:28:16.585 - DBeaver is stopping
2025-03-26 15:28:16.587 - Stop RMI server
2025-03-26 15:28:16.590 - RMI controller has been stopped
2025-03-26 15:28:16.592 - DBeaver shutdown completed
